[15Jun2024 14:31:12.879] [main/INFO] [cpw.mods.modlauncher.Launcher/MODLAUNCHER]: ModLauncher running: args [--launchTarget, forgeserver, --fml.forgeVersion, 40.2.0, --fml.mcVersion, 1.18.2, --fml.forgeGroup, net.minecraftforge, --fml.mcpVersion, 20220404.173914]
[15Jun2024 14:31:12.883] [main/INFO] [cpw.mods.modlauncher.Launcher/MODLAUNCHER]: ModLauncher 9.1.3+9.1.3+main.9b69c82a starting: java version 21.0.3 by Microsoft
[15Jun2024 14:31:12.895] [main/DEBUG] [cpw.mods.modlauncher.LaunchServiceHandler/MODLAUNCHER]: Found launch services [fmlclientdev,forgeclient,minecraft,forgegametestserverdev,fmlserveruserdev,fmlclient,fmldatauserdev,forgeserverdev,forgeserveruserdev,forgeclientdev,forgeclientuserdev,forgeserver,forgedatadev,fmlserver,fmlclientuserdev,fmlserverdev,forgedatauserdev,testharness,forgegametestserveruserdev]
[15Jun2024 14:31:12.907] [main/DEBUG] [cpw.mods.modlauncher.NameMappingServiceHandler/MODLAUNCHER]: Found naming services : [srgtomcp]
[15Jun2024 14:31:12.919] [main/DEBUG] [cpw.mods.modlauncher.LaunchPluginHandler/MODLAUNCHER]: Found launch plugins: [mixin,eventbus,slf4jfixer,object_holder_definalize,runtime_enum_extender,capability_token_subclass,accesstransformer,runtimedistcleaner]
[15Jun2024 14:31:12.930] [main/DEBUG] [cpw.mods.modlauncher.TransformationServicesHandler/MODLAUNCHER]: Discovering transformation services
[15Jun2024 14:31:12.938] [main/DEBUG] [cpw.mods.modlauncher.TransformationServicesHandler/MODLAUNCHER]: Found additional transformation services from discovery services: java.util.stream.ReferencePipeline$3@299321e2
[15Jun2024 14:31:12.948] [main/DEBUG] [cpw.mods.modlauncher.TransformationServicesHandler/MODLAUNCHER]: Found transformer services : [mixin,fml]
[15Jun2024 14:31:12.948] [main/DEBUG] [cpw.mods.modlauncher.TransformationServicesHandler/MODLAUNCHER]: Transformation services loading
[15Jun2024 14:31:12.948] [main/DEBUG] [cpw.mods.modlauncher.TransformationServiceDecorator/MODLAUNCHER]: Loading service mixin
[15Jun2024 14:31:12.949] [main/DEBUG] [cpw.mods.modlauncher.TransformationServiceDecorator/MODLAUNCHER]: Loaded service mixin
[15Jun2024 14:31:12.949] [main/DEBUG] [cpw.mods.modlauncher.TransformationServiceDecorator/MODLAUNCHER]: Loading service fml
[15Jun2024 14:31:12.951] [main/DEBUG] [net.minecraftforge.fml.loading.LauncherVersion/CORE]: Found FMLLauncher version 1.0
[15Jun2024 14:31:12.951] [main/DEBUG] [net.minecraftforge.fml.loading.FMLLoader/CORE]: FML 1.0 loading
[15Jun2024 14:31:12.951] [main/DEBUG] [net.minecraftforge.fml.loading.FMLLoader/CORE]: FML found ModLauncher version : 9.1.3+9.1.3+main.9b69c82a
[15Jun2024 14:31:12.952] [main/DEBUG] [net.minecraftforge.fml.loading.FMLLoader/CORE]: FML found AccessTransformer version : 8.0.4+66+master.c09db6d7
[15Jun2024 14:31:12.952] [main/DEBUG] [net.minecraftforge.fml.loading.FMLLoader/CORE]: FML found EventBus version : 5.0.3+70+master.d7d405b
[15Jun2024 14:31:12.953] [main/DEBUG] [net.minecraftforge.fml.loading.FMLLoader/CORE]: Found Runtime Dist Cleaner
[15Jun2024 14:31:12.954] [main/DEBUG] [net.minecraftforge.fml.loading.FMLLoader/CORE]: FML found CoreMod version : 5.0.1+15+master.dc5a2922
[15Jun2024 14:31:12.954] [main/DEBUG] [net.minecraftforge.fml.loading.FMLLoader/CORE]: Found ForgeSPI package implementation version 4.0.15-4.x+4.0.15-4.x+4.x.038e91c0
[15Jun2024 14:31:12.955] [main/DEBUG] [net.minecraftforge.fml.loading.FMLLoader/CORE]: Found ForgeSPI package specification 4
[15Jun2024 14:31:12.957] [main/DEBUG] [cpw.mods.modlauncher.TransformationServiceDecorator/MODLAUNCHER]: Loaded service fml
[15Jun2024 14:31:12.958] [main/DEBUG] [cpw.mods.modlauncher.TransformationServicesHandler/MODLAUNCHER]: Configuring option handling for services
[15Jun2024 14:31:12.964] [main/DEBUG] [cpw.mods.modlauncher.TransformationServicesHandler/MODLAUNCHER]: Transformation services initializing
[15Jun2024 14:31:12.965] [main/DEBUG] [cpw.mods.modlauncher.TransformationServiceDecorator/MODLAUNCHER]: Initializing transformation service mixin
[15Jun2024 14:31:12.979] [main/DEBUG] [mixin/]: MixinService [ModLauncher] was successfully booted in cpw.mods.cl.ModuleClassLoader@27c20538
[15Jun2024 14:31:12.996] [main/INFO] [mixin/]: SpongePowered MIXIN Subsystem Version=0.8.5 Source=union:/workspaces/ApolloRPv1/servidor_minecraft/libraries/org/spongepowered/mixin/0.8.5/mixin-0.8.5.jar%2314!/ Service=ModLauncher Env=SERVER
[15Jun2024 14:31:12.999] [main/DEBUG] [mixin/]: Initialising Mixin Platform Manager
[15Jun2024 14:31:13.000] [main/DEBUG] [mixin/]: Adding mixin platform agents for container ModLauncher Root Container(ModLauncher:4f56a0a2)
[15Jun2024 14:31:13.000] [main/DEBUG] [mixin/]: Instancing new MixinPlatformAgentMinecraftForge for ModLauncher Root Container(ModLauncher:4f56a0a2)
[15Jun2024 14:31:13.001] [main/DEBUG] [mixin/]: MixinPlatformAgentMinecraftForge rejected container ModLauncher Root Container(ModLauncher:4f56a0a2)
[15Jun2024 14:31:13.001] [main/DEBUG] [mixin/]: Instancing new MixinPlatformAgentDefault for ModLauncher Root Container(ModLauncher:4f56a0a2)
[15Jun2024 14:31:13.001] [main/DEBUG] [mixin/]: MixinPlatformAgentDefault accepted container ModLauncher Root Container(ModLauncher:4f56a0a2)
[15Jun2024 14:31:13.003] [main/DEBUG] [cpw.mods.modlauncher.TransformationServiceDecorator/MODLAUNCHER]: Initialized transformation service mixin
[15Jun2024 14:31:13.003] [main/DEBUG] [cpw.mods.modlauncher.TransformationServiceDecorator/MODLAUNCHER]: Initializing transformation service fml
[15Jun2024 14:31:13.004] [main/DEBUG] [net.minecraftforge.fml.loading.FMLServiceProvider/CORE]: Setting up basic FML game directories
[15Jun2024 14:31:13.004] [main/DEBUG] [net.minecraftforge.fml.loading.FileUtils/CORE]: Found existing GAMEDIR directory : /workspaces/ApolloRPv1/servidor_minecraft
[15Jun2024 14:31:13.005] [main/DEBUG] [net.minecraftforge.fml.loading.FMLPaths/CORE]: Path GAMEDIR is /workspaces/ApolloRPv1/servidor_minecraft
[15Jun2024 14:31:13.005] [main/DEBUG] [net.minecraftforge.fml.loading.FileUtils/CORE]: Found existing MODSDIR directory : /workspaces/ApolloRPv1/servidor_minecraft/mods
[15Jun2024 14:31:13.005] [main/DEBUG] [net.minecraftforge.fml.loading.FMLPaths/CORE]: Path MODSDIR is /workspaces/ApolloRPv1/servidor_minecraft/mods
[15Jun2024 14:31:13.005] [main/DEBUG] [net.minecraftforge.fml.loading.FileUtils/CORE]: Found existing CONFIGDIR directory : /workspaces/ApolloRPv1/servidor_minecraft/config
[15Jun2024 14:31:13.005] [main/DEBUG] [net.minecraftforge.fml.loading.FMLPaths/CORE]: Path CONFIGDIR is /workspaces/ApolloRPv1/servidor_minecraft/config
[15Jun2024 14:31:13.006] [main/DEBUG] [net.minecraftforge.fml.loading.FMLPaths/CORE]: Path FMLCONFIG is /workspaces/ApolloRPv1/servidor_minecraft/config/fml.toml
[15Jun2024 14:31:13.006] [main/DEBUG] [net.minecraftforge.fml.loading.FMLServiceProvider/CORE]: Loading configuration
[15Jun2024 14:31:13.046] [main/DEBUG] [net.minecraftforge.fml.loading.FileUtils/CORE]: Found existing default config directory directory : /workspaces/ApolloRPv1/servidor_minecraft/defaultconfigs
[15Jun2024 14:31:13.047] [main/DEBUG] [net.minecraftforge.fml.loading.FMLServiceProvider/CORE]: Preparing ModFile
[15Jun2024 14:31:13.054] [main/DEBUG] [net.minecraftforge.fml.loading.FMLServiceProvider/CORE]: Preparing launch handler
[15Jun2024 14:31:13.055] [main/DEBUG] [net.minecraftforge.fml.loading.FMLLoader/CORE]: Using forgeserver as launch service
[15Jun2024 14:31:13.078] [main/DEBUG] [net.minecraftforge.fml.loading.FMLLoader/CORE]: Received command line version data  : VersionInfo[forgeVersion=40.2.0, mcVersion=1.18.2, mcpVersion=20220404.173914, forgeGroup=net.minecraftforge]
[15Jun2024 14:31:13.082] [main/DEBUG] [cpw.mods.modlauncher.TransformationServiceDecorator/MODLAUNCHER]: Initialized transformation service fml
[15Jun2024 14:31:13.082] [main/DEBUG] [cpw.mods.modlauncher.NameMappingServiceHandler/MODLAUNCHER]: Current naming domain is 'srg'
[15Jun2024 14:31:13.083] [main/DEBUG] [cpw.mods.modlauncher.NameMappingServiceHandler/MODLAUNCHER]: Identified name mapping providers {}
[15Jun2024 14:31:13.084] [main/DEBUG] [cpw.mods.modlauncher.TransformationServicesHandler/MODLAUNCHER]: Transformation services begin scanning
[15Jun2024 14:31:13.085] [main/DEBUG] [cpw.mods.modlauncher.TransformationServiceDecorator/MODLAUNCHER]: Beginning scan trigger - transformation service mixin
[15Jun2024 14:31:13.085] [main/DEBUG] [cpw.mods.modlauncher.TransformationServiceDecorator/MODLAUNCHER]: End scan trigger - transformation service mixin
[15Jun2024 14:31:13.086] [main/DEBUG] [cpw.mods.modlauncher.TransformationServiceDecorator/MODLAUNCHER]: Beginning scan trigger - transformation service fml
[15Jun2024 14:31:13.086] [main/DEBUG] [net.minecraftforge.fml.loading.FMLServiceProvider/CORE]: Initiating mod scan
[15Jun2024 14:31:13.101] [main/DEBUG] [net.minecraftforge.fml.loading.moddiscovery.ModListHandler/CORE]: Found mod coordinates from lists: []
[15Jun2024 14:31:13.103] [main/DEBUG] [net.minecraftforge.fml.loading.moddiscovery.ModDiscoverer/CORE]: Found Mod Locators : (mods folder:null),(maven libs:null),(exploded directory:null),(minecraft:null),(userdev classpath:null),(JarInJar:null)
[15Jun2024 14:31:13.116] [main/DEBUG] [net.minecraftforge.fml.loading.moddiscovery.ModFileParser/LOADING]: Considering mod file candidate /workspaces/ApolloRPv1/servidor_minecraft/mods/[1.18.2] SecurityCraft v1.9.8.jar
[15Jun2024 14:31:13.178] [main/DEBUG] [net.minecraftforge.fml.loading.moddiscovery.ModFileInfo/LOADING]: Found valid mod file [1.18.2] SecurityCraft v1.9.8.jar with {securitycraft} mods - versions {1.9.8}
[15Jun2024 14:31:13.324] [main/DEBUG] [net.minecraftforge.fml.loading.moddiscovery.ModFileInfo/LOADING]: Found valid mod file server-1.18.2-20220404.173914-srg.jar with {minecraft} mods - versions {1.18.2}
[15Jun2024 14:31:13.327] [main/DEBUG] [net.minecraftforge.fml.loading.moddiscovery.ModFileParser/LOADING]: Considering mod file candidate /workspaces/ApolloRPv1/servidor_minecraft/libraries/net/minecraftforge/fmlcore/1.18.2-40.2.0/fmlcore-1.18.2-40.2.0.jar
[15Jun2024 14:31:13.327] [main/WARN] [net.minecraftforge.fml.loading.moddiscovery.ModFileParser/LOADING]: Mod file /workspaces/ApolloRPv1/servidor_minecraft/libraries/net/minecraftforge/fmlcore/1.18.2-40.2.0/fmlcore-1.18.2-40.2.0.jar is missing mods.toml file
[15Jun2024 14:31:13.328] [main/DEBUG] [net.minecraftforge.fml.loading.moddiscovery.ModFileParser/LOADING]: Considering mod file candidate /workspaces/ApolloRPv1/servidor_minecraft/libraries/net/minecraftforge/javafmllanguage/1.18.2-40.2.0/javafmllanguage-1.18.2-40.2.0.jar
[15Jun2024 14:31:13.328] [main/WARN] [net.minecraftforge.fml.loading.moddiscovery.ModFileParser/LOADING]: Mod file /workspaces/ApolloRPv1/servidor_minecraft/libraries/net/minecraftforge/javafmllanguage/1.18.2-40.2.0/javafmllanguage-1.18.2-40.2.0.jar is missing mods.toml file
[15Jun2024 14:31:13.330] [main/DEBUG] [net.minecraftforge.fml.loading.moddiscovery.ModFileParser/LOADING]: Considering mod file candidate /workspaces/ApolloRPv1/servidor_minecraft/libraries/net/minecraftforge/lowcodelanguage/1.18.2-40.2.0/lowcodelanguage-1.18.2-40.2.0.jar
[15Jun2024 14:31:13.330] [main/WARN] [net.minecraftforge.fml.loading.moddiscovery.ModFileParser/LOADING]: Mod file /workspaces/ApolloRPv1/servidor_minecraft/libraries/net/minecraftforge/lowcodelanguage/1.18.2-40.2.0/lowcodelanguage-1.18.2-40.2.0.jar is missing mods.toml file
[15Jun2024 14:31:13.331] [main/DEBUG] [net.minecraftforge.fml.loading.moddiscovery.ModFileParser/LOADING]: Considering mod file candidate /workspaces/ApolloRPv1/servidor_minecraft/libraries/net/minecraftforge/mclanguage/1.18.2-40.2.0/mclanguage-1.18.2-40.2.0.jar
[15Jun2024 14:31:13.331] [main/WARN] [net.minecraftforge.fml.loading.moddiscovery.ModFileParser/LOADING]: Mod file /workspaces/ApolloRPv1/servidor_minecraft/libraries/net/minecraftforge/mclanguage/1.18.2-40.2.0/mclanguage-1.18.2-40.2.0.jar is missing mods.toml file
[15Jun2024 14:31:13.381] [main/DEBUG] [net.minecraftforge.fml.loading.moddiscovery.ModFileParser/LOADING]: Considering mod file candidate /workspaces/ApolloRPv1/servidor_minecraft/libraries/net/minecraftforge/forge/1.18.2-40.2.0/forge-1.18.2-40.2.0-universal.jar
[15Jun2024 14:31:13.383] [main/DEBUG] [net.minecraftforge.fml.loading.moddiscovery.ModFileInfo/LOADING]: Found valid mod file forge-1.18.2-40.2.0-universal.jar with {forge} mods - versions {40.2.0}
[15Jun2024 14:31:13.433] [main/DEBUG] [net.minecraftforge.fml.loading.moddiscovery.AbstractJarFileDependencyLocator/]: Failed to load resource META-INF/jarjar/metadata.json from server-1.18.2-20220404.173914-srg.jar, it does not contain dependency information.
[15Jun2024 14:31:13.433] [main/DEBUG] [net.minecraftforge.fml.loading.moddiscovery.AbstractJarFileDependencyLocator/]: Failed to load resource META-INF/jarjar/metadata.json from forge-1.18.2-40.2.0-universal.jar, it does not contain dependency information.
[15Jun2024 14:31:13.433] [main/DEBUG] [net.minecraftforge.fml.loading.moddiscovery.AbstractJarFileDependencyLocator/]: Failed to load resource META-INF/jarjar/metadata.json from [1.18.2] SecurityCraft v1.9.8.jar, it does not contain dependency information.
[15Jun2024 14:31:13.433] [main/DEBUG] [net.minecraftforge.fml.loading.moddiscovery.AbstractJarFileDependencyLocator/]: Failed to load resource META-INF/jarjar/metadata.json from mclanguage-1.18.2-40.2.0.jar, it does not contain dependency information.
[15Jun2024 14:31:13.433] [main/DEBUG] [net.minecraftforge.fml.loading.moddiscovery.AbstractJarFileDependencyLocator/]: Failed to load resource META-INF/jarjar/metadata.json from javafmllanguage-1.18.2-40.2.0.jar, it does not contain dependency information.
[15Jun2024 14:31:13.434] [main/DEBUG] [net.minecraftforge.fml.loading.moddiscovery.AbstractJarFileDependencyLocator/]: Failed to load resource META-INF/jarjar/metadata.json from fmlcore-1.18.2-40.2.0.jar, it does not contain dependency information.
[15Jun2024 14:31:13.434] [main/DEBUG] [net.minecraftforge.fml.loading.moddiscovery.AbstractJarFileDependencyLocator/]: Failed to load resource META-INF/jarjar/metadata.json from lowcodelanguage-1.18.2-40.2.0.jar, it does not contain dependency information.
[15Jun2024 14:31:13.463] [main/INFO] [net.minecraftforge.fml.loading.moddiscovery.JarInJarDependencyLocator/]: No dependencies to load found. Skipping!
[15Jun2024 14:31:13.466] [main/DEBUG] [net.minecraftforge.fml.loading.moddiscovery.ModFileInfo/LOADING]: Found valid mod file server-1.18.2-20220404.173914-srg.jar with {minecraft} mods - versions {1.18.2}
[15Jun2024 14:31:13.470] [main/DEBUG] [net.minecraftforge.fml.loading.moddiscovery.ModFile/LOADING]: Loading mod file /workspaces/ApolloRPv1/servidor_minecraft/libraries/net/minecraft/server/1.18.2-20220404.173914/server-1.18.2-20220404.173914-srg.jar with languages [LanguageSpec[languageName=minecraft, acceptedVersions=1]]
[15Jun2024 14:31:13.471] [main/DEBUG] [net.minecraftforge.fml.loading.moddiscovery.ModFileParser/LOADING]: Considering mod file candidate /workspaces/ApolloRPv1/servidor_minecraft/libraries/net/minecraftforge/forge/1.18.2-40.2.0/forge-1.18.2-40.2.0-universal.jar
[15Jun2024 14:31:13.472] [main/DEBUG] [net.minecraftforge.fml.loading.moddiscovery.ModFileInfo/LOADING]: Found valid mod file forge-1.18.2-40.2.0-universal.jar with {forge} mods - versions {40.2.0}
[15Jun2024 14:31:13.473] [main/DEBUG] [net.minecraftforge.fml.loading.moddiscovery.ModFile/LOADING]: Loading mod file /workspaces/ApolloRPv1/servidor_minecraft/libraries/net/minecraftforge/forge/1.18.2-40.2.0/forge-1.18.2-40.2.0-universal.jar with languages [LanguageSpec[languageName=javafml, acceptedVersions=[24,]]]
[15Jun2024 14:31:13.506] [main/DEBUG] [net.minecraftforge.fml.loading.moddiscovery.ModFileParser/LOADING]: Found coremod field_to_method with Javascript path coremods/field_to_method.js
[15Jun2024 14:31:13.506] [main/DEBUG] [net.minecraftforge.fml.loading.moddiscovery.ModFileParser/LOADING]: Found coremod field_to_instanceof with Javascript path coremods/field_to_instanceof.js
[15Jun2024 14:31:13.506] [main/DEBUG] [net.minecraftforge.fml.loading.moddiscovery.ModFileParser/LOADING]: Found coremod add_bouncer_method with Javascript path coremods/add_bouncer_method.js
[15Jun2024 14:31:13.506] [main/DEBUG] [net.minecraftforge.fml.loading.moddiscovery.ModFileParser/LOADING]: Found coremod registry_object_binary_compat with Javascript path coremods/registry_object_binary_compat.js
[15Jun2024 14:31:13.507] [main/DEBUG] [net.minecraftforge.fml.loading.moddiscovery.ModFile/LOADING]: Found coremod coremods/field_to_method.js
[15Jun2024 14:31:13.507] [main/DEBUG] [net.minecraftforge.fml.loading.moddiscovery.ModFile/LOADING]: Found coremod coremods/field_to_instanceof.js
[15Jun2024 14:31:13.507] [main/DEBUG] [net.minecraftforge.fml.loading.moddiscovery.ModFile/LOADING]: Found coremod coremods/add_bouncer_method.js
[15Jun2024 14:31:13.507] [main/DEBUG] [net.minecraftforge.fml.loading.moddiscovery.ModFile/LOADING]: Found coremod coremods/registry_object_binary_compat.js
[15Jun2024 14:31:13.507] [main/DEBUG] [net.minecraftforge.fml.loading.moddiscovery.ModFileParser/LOADING]: Considering mod file candidate /workspaces/ApolloRPv1/servidor_minecraft/mods/[1.18.2] SecurityCraft v1.9.8.jar
[15Jun2024 14:31:13.509] [main/DEBUG] [net.minecraftforge.fml.loading.moddiscovery.ModFileInfo/LOADING]: Found valid mod file [1.18.2] SecurityCraft v1.9.8.jar with {securitycraft} mods - versions {1.9.8}
[15Jun2024 14:31:13.509] [main/DEBUG] [net.minecraftforge.fml.loading.moddiscovery.ModFile/LOADING]: Loading mod file /workspaces/ApolloRPv1/servidor_minecraft/mods/[1.18.2] SecurityCraft v1.9.8.jar with languages [LanguageSpec[languageName=javafml, acceptedVersions=[40,)]]
[15Jun2024 14:31:13.511] [main/DEBUG] [cpw.mods.modlauncher.TransformationServiceDecorator/MODLAUNCHER]: End scan trigger - transformation service fml
[15Jun2024 14:31:13.526] [main/DEBUG] [net.minecraftforge.fml.loading.LanguageLoadingProvider/CORE]: Found 3 language providers
[15Jun2024 14:31:13.527] [main/DEBUG] [net.minecraftforge.fml.loading.LanguageLoadingProvider/CORE]: Found language provider minecraft, version 1.0
[15Jun2024 14:31:13.528] [main/DEBUG] [net.minecraftforge.fml.loading.LanguageLoadingProvider/CORE]: Found language provider lowcodefml, version 40
[15Jun2024 14:31:13.528] [main/DEBUG] [net.minecraftforge.fml.loading.LanguageLoadingProvider/CORE]: Found language provider javafml, version 40
[15Jun2024 14:31:13.533] [main/DEBUG] [net.minecraftforge.fml.loading.ModSorter/]: Configured system mods: [minecraft, forge]
[15Jun2024 14:31:13.533] [main/DEBUG] [net.minecraftforge.fml.loading.ModSorter/]: Found system mod: minecraft
[15Jun2024 14:31:13.533] [main/DEBUG] [net.minecraftforge.fml.loading.ModSorter/]: Found system mod: forge
[15Jun2024 14:31:13.536] [main/DEBUG] [net.minecraftforge.fml.loading.ModSorter/LOADING]: Found 4 mod requirements (2 mandatory, 2 optional)
[15Jun2024 14:31:13.536] [main/DEBUG] [net.minecraftforge.fml.loading.ModSorter/LOADING]: Found 0 mod requirements missing (0 mandatory, 0 optional)
[15Jun2024 14:31:13.981] [main/DEBUG] [cpw.mods.modlauncher.TransformationServicesHandler/MODLAUNCHER]: Transformation services loading transformers
[15Jun2024 14:31:13.982] [main/DEBUG] [cpw.mods.modlauncher.TransformationServiceDecorator/MODLAUNCHER]: Initializing transformers for transformation service mixin
[15Jun2024 14:31:13.983] [main/DEBUG] [cpw.mods.modlauncher.TransformationServiceDecorator/MODLAUNCHER]: Initialized transformers for transformation service mixin
[15Jun2024 14:31:13.983] [main/DEBUG] [cpw.mods.modlauncher.TransformationServiceDecorator/MODLAUNCHER]: Initializing transformers for transformation service fml
[15Jun2024 14:31:13.983] [main/DEBUG] [net.minecraftforge.fml.loading.FMLServiceProvider/CORE]: Loading coremod transformers
[15Jun2024 14:31:13.983] [main/DEBUG] [net.minecraftforge.coremod.CoreModEngine/COREMOD]: Loading CoreMod from coremods/field_to_method.js
[15Jun2024 14:31:14.244] [main/DEBUG] [net.minecraftforge.coremod.CoreModEngine/COREMOD]: CoreMod loaded successfully
[15Jun2024 14:31:14.244] [main/DEBUG] [net.minecraftforge.coremod.CoreModEngine/COREMOD]: Loading CoreMod from coremods/field_to_instanceof.js
[15Jun2024 14:31:14.383] [main/DEBUG] [net.minecraftforge.coremod.CoreModEngine/COREMOD]: CoreMod loaded successfully
[15Jun2024 14:31:14.383] [main/DEBUG] [net.minecraftforge.coremod.CoreModEngine/COREMOD]: Loading CoreMod from coremods/add_bouncer_method.js
[15Jun2024 14:31:14.498] [main/DEBUG] [net.minecraftforge.coremod.CoreModEngine/COREMOD]: CoreMod loaded successfully
[15Jun2024 14:31:14.498] [main/DEBUG] [net.minecraftforge.coremod.CoreModEngine/COREMOD]: Loading CoreMod from coremods/registry_object_binary_compat.js
[15Jun2024 14:31:14.521] [main/DEBUG] [net.minecraftforge.coremod.CoreModEngine/COREMOD]: CoreMod loaded successfully
[15Jun2024 14:31:14.534] [main/DEBUG] [cpw.mods.modlauncher.TransformStore/MODLAUNCHER]: Adding transformer net.minecraftforge.coremod.transformer.CoreModClassTransformer@7899de11 to Target : CLASS {Lnet/minecraft/world/effect/MobEffectInstance;} {} {V}
[15Jun2024 14:31:14.536] [main/DEBUG] [cpw.mods.modlauncher.TransformStore/MODLAUNCHER]: Adding transformer net.minecraftforge.coremod.transformer.CoreModClassTransformer@e9ef5b6 to Target : CLASS {Lnet/minecraft/world/level/block/LiquidBlock;} {} {V}
[15Jun2024 14:31:14.537] [main/DEBUG] [cpw.mods.modlauncher.TransformStore/MODLAUNCHER]: Adding transformer net.minecraftforge.coremod.transformer.CoreModClassTransformer@5300cac to Target : CLASS {Lnet/minecraft/world/item/BucketItem;} {} {V}
[15Jun2024 14:31:14.538] [main/DEBUG] [cpw.mods.modlauncher.TransformStore/MODLAUNCHER]: Adding transformer net.minecraftforge.coremod.transformer.CoreModClassTransformer@4110765e to Target : CLASS {Lnet/minecraft/world/level/block/StairBlock;} {} {V}
[15Jun2024 14:31:14.540] [main/DEBUG] [cpw.mods.modlauncher.TransformStore/MODLAUNCHER]: Adding transformer net.minecraftforge.coremod.transformer.CoreModClassTransformer@1ba359bd to Target : CLASS {Lnet/minecraft/world/level/block/FlowerPotBlock;} {} {V}
[15Jun2024 14:31:14.540] [main/DEBUG] [cpw.mods.modlauncher.TransformStore/MODLAUNCHER]: Adding transformer net.minecraftforge.coremod.transformer.CoreModClassTransformer@62e93c3a to Target : CLASS {Lnet/minecraft/world/item/ItemStack;} {} {V}
[15Jun2024 14:31:14.540] [main/DEBUG] [cpw.mods.modlauncher.TransformStore/MODLAUNCHER]: Adding transformer net.minecraftforge.coremod.transformer.CoreModClassTransformer@673919a7 to Target : CLASS {Lnet/minecraft/network/play/client/CClientSettingsPacket;} {} {V}
[15Jun2024 14:31:14.541] [main/DEBUG] [cpw.mods.modlauncher.TransformStore/MODLAUNCHER]: Adding transformer net.minecraftforge.coremod.transformer.CoreModClassTransformer@25d93198 to Target : CLASS {Lnet/minecraftforge/registries/RegistryObject;} {} {V}
[15Jun2024 14:31:14.541] [main/DEBUG] [cpw.mods.modlauncher.TransformationServiceDecorator/MODLAUNCHER]: Initialized transformers for transformation service fml
[15Jun2024 14:31:15.436] [main/DEBUG] [mixin/]: Processing prepare() for PlatformAgent[MixinPlatformAgentDefault:ModLauncher Root Container(ModLauncher:4f56a0a2)]
[15Jun2024 14:31:15.436] [main/DEBUG] [mixin/]: Processing launch tasks for PlatformAgent[MixinPlatformAgentDefault:ModLauncher Root Container(ModLauncher:4f56a0a2)]
[15Jun2024 14:31:15.437] [main/DEBUG] [mixin/]: Adding mixin platform agents for container SecureJarResource(minecraft)
[15Jun2024 14:31:15.437] [main/DEBUG] [mixin/]: Instancing new MixinPlatformAgentMinecraftForge for SecureJarResource(minecraft)
[15Jun2024 14:31:15.437] [main/DEBUG] [mixin/]: MixinPlatformAgentMinecraftForge rejected container SecureJarResource(minecraft)
[15Jun2024 14:31:15.438] [main/DEBUG] [mixin/]: Instancing new MixinPlatformAgentDefault for SecureJarResource(minecraft)
[15Jun2024 14:31:15.438] [main/DEBUG] [mixin/]: MixinPlatformAgentDefault accepted container SecureJarResource(minecraft)
[15Jun2024 14:31:15.439] [main/DEBUG] [mixin/]: Processing prepare() for PlatformAgent[MixinPlatformAgentDefault:SecureJarResource(minecraft)]
[15Jun2024 14:31:15.439] [main/DEBUG] [mixin/]: Adding mixin platform agents for container SecureJarResource(forge)
[15Jun2024 14:31:15.439] [main/DEBUG] [mixin/]: Instancing new MixinPlatformAgentMinecraftForge for SecureJarResource(forge)
[15Jun2024 14:31:15.440] [main/DEBUG] [mixin/]: MixinPlatformAgentMinecraftForge rejected container SecureJarResource(forge)
[15Jun2024 14:31:15.440] [main/DEBUG] [mixin/]: Instancing new MixinPlatformAgentDefault for SecureJarResource(forge)
[15Jun2024 14:31:15.441] [main/DEBUG] [mixin/]: MixinPlatformAgentDefault accepted container SecureJarResource(forge)
[15Jun2024 14:31:15.441] [main/DEBUG] [mixin/]: Processing prepare() for PlatformAgent[MixinPlatformAgentDefault:SecureJarResource(forge)]
[15Jun2024 14:31:15.441] [main/DEBUG] [mixin/]: Adding mixin platform agents for container SecureJarResource(securitycraft)
[15Jun2024 14:31:15.441] [main/DEBUG] [mixin/]: Instancing new MixinPlatformAgentMinecraftForge for SecureJarResource(securitycraft)
[15Jun2024 14:31:15.442] [main/DEBUG] [mixin/]: MixinPlatformAgentMinecraftForge rejected container SecureJarResource(securitycraft)
[15Jun2024 14:31:15.442] [main/DEBUG] [mixin/]: Instancing new MixinPlatformAgentDefault for SecureJarResource(securitycraft)
[15Jun2024 14:31:15.442] [main/DEBUG] [mixin/]: MixinPlatformAgentDefault accepted container SecureJarResource(securitycraft)
[15Jun2024 14:31:15.442] [main/DEBUG] [mixin/]: Processing prepare() for PlatformAgent[MixinPlatformAgentDefault:SecureJarResource(securitycraft)]
[15Jun2024 14:31:15.443] [main/DEBUG] [mixin/]: Registering mixin config: securitycraft.mixins.json
[15Jun2024 14:31:15.464] [main/DEBUG] [mixin/]: Compatibility level JAVA_17 specified by securitycraft.mixins.json is higher than the maximum level supported by this version of mixin (JAVA_13).
[15Jun2024 14:31:15.470] [main/INFO] [mixin/]: Compatibility level set to JAVA_17
[15Jun2024 14:31:15.471] [main/DEBUG] [mixin/]: inject() running with 4 agents
[15Jun2024 14:31:15.471] [main/DEBUG] [mixin/]: Processing inject() for PlatformAgent[MixinPlatformAgentDefault:ModLauncher Root Container(ModLauncher:4f56a0a2)]
[15Jun2024 14:31:15.472] [main/DEBUG] [mixin/]: Processing inject() for PlatformAgent[MixinPlatformAgentDefault:SecureJarResource(minecraft)]
[15Jun2024 14:31:15.473] [main/DEBUG] [mixin/]: Processing inject() for PlatformAgent[MixinPlatformAgentDefault:SecureJarResource(forge)]
[15Jun2024 14:31:15.473] [main/DEBUG] [mixin/]: Processing inject() for PlatformAgent[MixinPlatformAgentDefault:SecureJarResource(securitycraft)]
[15Jun2024 14:31:15.473] [main/INFO] [cpw.mods.modlauncher.LaunchServiceHandler/MODLAUNCHER]: Launching target 'forgeserver' with arguments []
[15Jun2024 14:31:15.519] [main/DEBUG] [mixin/]: Error cleaning class output directory: .mixin.out
[15Jun2024 14:31:15.520] [main/DEBUG] [mixin/]: Preparing mixins for MixinEnvironment[DEFAULT]
[15Jun2024 14:31:15.521] [main/DEBUG] [mixin/]: Selecting config securitycraft.mixins.json
[15Jun2024 14:31:15.530] [main/DEBUG] [mixin/]: Preparing securitycraft.mixins.json (15)
[15Jun2024 14:31:15.684] [main/DEBUG] [mixin/]: Registering new injector for @Inject with org.spongepowered.asm.mixin.injection.struct.CallbackInjectionInfo
[15Jun2024 14:31:15.688] [main/DEBUG] [mixin/]: Registering new injector for @ModifyArg with org.spongepowered.asm.mixin.injection.struct.ModifyArgInjectionInfo
[15Jun2024 14:31:15.694] [main/DEBUG] [mixin/]: Registering new injector for @ModifyArgs with org.spongepowered.asm.mixin.injection.struct.ModifyArgsInjectionInfo
[15Jun2024 14:31:15.697] [main/DEBUG] [mixin/]: Registering new injector for @Redirect with org.spongepowered.asm.mixin.injection.struct.RedirectInjectionInfo
[15Jun2024 14:31:15.701] [main/DEBUG] [mixin/]: Registering new injector for @ModifyVariable with org.spongepowered.asm.mixin.injection.struct.ModifyVariableInjectionInfo
[15Jun2024 14:31:15.705] [main/DEBUG] [mixin/]: Registering new injector for @ModifyConstant with org.spongepowered.asm.mixin.injection.struct.ModifyConstantInjectionInfo
[15Jun2024 14:31:15.815] [main/DEBUG] [io.netty.util.internal.logging.InternalLoggerFactory/]: Using SLF4J as the default logging framework
[15Jun2024 14:31:15.818] [main/DEBUG] [io.netty.util.ResourceLeakDetector/]: -Dio.netty.leakDetection.level: simple
[15Jun2024 14:31:15.818] [main/DEBUG] [io.netty.util.ResourceLeakDetector/]: -Dio.netty.leakDetection.targetRecords: 4
[15Jun2024 14:31:15.912] [main/DEBUG] [oshi.util.FileUtil/]: No oshi.properties file found from ClassLoader cpw.mods.modlauncher.TransformingClassLoader@1e469dfd
[15Jun2024 14:31:15.912] [main/DEBUG] [oshi.util.FileUtil/]: No oshi.properties file found from ClassLoader jdk.internal.loader.ClassLoaders$AppClassLoader@d716361
[15Jun2024 14:31:15.926] [main/DEBUG] [oshi.util.FileUtil/]: Reading file /proc/cpuinfo
[15Jun2024 14:31:15.928] [main/DEBUG] [oshi.util.FileUtil/]: Reading file /proc/cpuinfo
[15Jun2024 14:31:15.943] [main/DEBUG] [oshi.util.FileUtil/]: No oshi.architecture.properties file found from ClassLoader cpw.mods.modlauncher.TransformingClassLoader@1e469dfd
[15Jun2024 14:31:15.943] [main/DEBUG] [oshi.util.FileUtil/]: No oshi.architecture.properties file found from ClassLoader jdk.internal.loader.ClassLoaders$AppClassLoader@d716361
[15Jun2024 14:31:15.992] [main/DEBUG] [oshi.util.FileUtil/]: Reading file /proc/meminfo
[15Jun2024 14:31:15.992] [main/DEBUG] [oshi.util.FileUtil/]: Reading file /proc/meminfo
[15Jun2024 14:31:16.554] [main/DEBUG] [net.minecraftforge.coremod.transformer.CoreModBaseTransformer/COREMOD]: Transforming net/minecraft/world/level/block/LiquidBlock
[15Jun2024 14:31:16.623] [main/DEBUG] [net.minecraftforge.coremod.transformer.CoreModBaseTransformer/COREMOD]: Transforming net/minecraft/world/level/block/StairBlock
[15Jun2024 14:31:16.721] [main/DEBUG] [net.minecraftforge.coremod.transformer.CoreModBaseTransformer/COREMOD]: Transforming net/minecraft/world/level/block/FlowerPotBlock
[15Jun2024 14:31:17.456] [main/DEBUG] [net.minecraftforge.coremod.transformer.CoreModBaseTransformer/COREMOD]: Transforming net/minecraftforge/registries/RegistryObject
[15Jun2024 14:31:17.969] [main/DEBUG] [net.minecraftforge.coremod.transformer.CoreModBaseTransformer/COREMOD]: Transforming net/minecraft/world/item/ItemStack
[15Jun2024 14:31:18.702] [main/DEBUG] [mixin/]: Mixing reinforceddirt.TrunkPlacerMixin from securitycraft.mixins.json into net.minecraft.world.level.levelgen.feature.trunkplacers.TrunkPlacer
[15Jun2024 14:31:18.721] [main/WARN] [mixin/]: Error loading class: java/util/function/BiConsumer (java.lang.IllegalArgumentException: Unsupported class file major version 65)
[15Jun2024 14:31:18.723] [main/FATAL] [mixin/]: Mixin apply failed securitycraft.mixins.json:reinforceddirt.TrunkPlacerMixin -> net.minecraft.world.level.levelgen.feature.trunkplacers.TrunkPlacer: org.spongepowered.asm.mixin.transformer.throwables.InvalidMixinException Unexpecteded ClassMetadataNotFoundException whilst transforming the mixin class: [MAIN Applicator Phase -> securitycraft.mixins.json:reinforceddirt.TrunkPlacerMixin -> Apply Methods -> (Lnet/minecraft/world/level/LevelSimulatedReader;Ljava/util/function/BiConsumer;Ljava/util/Random;Lnet/minecraft/core/BlockPos;Lnet/minecraft/world/level/levelgen/feature/configurations/TreeConfiguration;Lorg/spongepowered/asm/mixin/injection/callback/CallbackInfo;)V:handler$zzg000$securitycraft$onSetDirtAt -> Transform LVT -> var=blockSetter -> desc=Ljava/util/function/BiConsumer;]
org.spongepowered.asm.mixin.transformer.throwables.InvalidMixinException: Unexpecteded ClassMetadataNotFoundException whilst transforming the mixin class: [MAIN Applicator Phase -> securitycraft.mixins.json:reinforceddirt.TrunkPlacerMixin -> Apply Methods -> (Lnet/minecraft/world/level/LevelSimulatedReader;Ljava/util/function/BiConsumer;Ljava/util/Random;Lnet/minecraft/core/BlockPos;Lnet/minecraft/world/level/levelgen/feature/configurations/TreeConfiguration;Lorg/spongepowered/asm/mixin/injection/callback/CallbackInfo;)V:handler$zzg000$securitycraft$onSetDirtAt -> Transform LVT -> var=blockSetter -> desc=Ljava/util/function/BiConsumer;]
	at org.spongepowered.asm.mixin.transformer.MixinTargetContext.transformMethod(MixinTargetContext.java:491) ~[mixin-0.8.5.jar%2314!/:0.8.5+Jenkins-b310.git-155314e6e91465dad727e621a569906a410cd6f4]
	at org.spongepowered.asm.mixin.transformer.MixinApplicatorStandard.applyNormalMethod(MixinApplicatorStandard.java:532) ~[mixin-0.8.5.jar%2314!/:0.8.5+Jenkins-b310.git-155314e6e91465dad727e621a569906a410cd6f4]
	at org.spongepowered.asm.mixin.transformer.MixinApplicatorStandard.applyMethods(MixinApplicatorStandard.java:518) ~[mixin-0.8.5.jar%2314!/:0.8.5+Jenkins-b310.git-155314e6e91465dad727e621a569906a410cd6f4]
	at org.spongepowered.asm.mixin.transformer.MixinApplicatorStandard.applyMixin(MixinApplicatorStandard.java:386) ~[mixin-0.8.5.jar%2314!/:0.8.5+Jenkins-b310.git-155314e6e91465dad727e621a569906a410cd6f4]
	at org.spongepowered.asm.mixin.transformer.MixinApplicatorStandard.apply(MixinApplicatorStandard.java:325) ~[mixin-0.8.5.jar%2314!/:0.8.5+Jenkins-b310.git-155314e6e91465dad727e621a569906a410cd6f4]
	at org.spongepowered.asm.mixin.transformer.TargetClassContext.apply(TargetClassContext.java:383) ~[mixin-0.8.5.jar%2314!/:0.8.5+Jenkins-b310.git-155314e6e91465dad727e621a569906a410cd6f4]
	at org.spongepowered.asm.mixin.transformer.TargetClassContext.applyMixins(TargetClassContext.java:365) ~[mixin-0.8.5.jar%2314!/:0.8.5+Jenkins-b310.git-155314e6e91465dad727e621a569906a410cd6f4]
	at org.spongepowered.asm.mixin.transformer.MixinProcessor.applyMixins(MixinProcessor.java:363) ~[mixin-0.8.5.jar%2314!/:0.8.5+Jenkins-b310.git-155314e6e91465dad727e621a569906a410cd6f4]
	at org.spongepowered.asm.mixin.transformer.MixinTransformer.transformClass(MixinTransformer.java:250) ~[mixin-0.8.5.jar%2314!/:0.8.5+Jenkins-b310.git-155314e6e91465dad727e621a569906a410cd6f4]
	at org.spongepowered.asm.service.modlauncher.MixinTransformationHandler.processClass(MixinTransformationHandler.java:131) ~[mixin-0.8.5.jar%2314!/:0.8.5+Jenkins-b310.git-155314e6e91465dad727e621a569906a410cd6f4]
	at org.spongepowered.asm.launch.MixinLaunchPluginLegacy.processClass(MixinLaunchPluginLegacy.java:131) ~[mixin-0.8.5.jar%2314!/:0.8.5+Jenkins-b310.git-155314e6e91465dad727e621a569906a410cd6f4]
	at cpw.mods.modlauncher.serviceapi.ILaunchPluginService.processClassWithFlags(ILaunchPluginService.java:156) ~[modlauncher-9.1.3.jar%235!/:9.1.3+9.1.3+main.9b69c82a]
	at cpw.mods.modlauncher.LaunchPluginHandler.offerClassNodeToPlugins(LaunchPluginHandler.java:88) ~[modlauncher-9.1.3.jar%235!/:?]
	at cpw.mods.modlauncher.ClassTransformer.transform(ClassTransformer.java:120) ~[modlauncher-9.1.3.jar%235!/:?]
	at cpw.mods.modlauncher.TransformingClassLoader.maybeTransformClassBytes(TransformingClassLoader.java:50) ~[modlauncher-9.1.3.jar%235!/:?]
	at cpw.mods.cl.ModuleClassLoader.readerToClass(ModuleClassLoader.java:110) ~[securejarhandler-1.0.3.jar:?]
	at cpw.mods.cl.ModuleClassLoader.lambda$findClass$16(ModuleClassLoader.java:216) ~[securejarhandler-1.0.3.jar:?]
	at cpw.mods.cl.ModuleClassLoader.loadFromModule(ModuleClassLoader.java:226) ~[securejarhandler-1.0.3.jar:?]
	at cpw.mods.cl.ModuleClassLoader.findClass(ModuleClassLoader.java:216) ~[securejarhandler-1.0.3.jar:?]
	at cpw.mods.cl.ModuleClassLoader.loadClass(ModuleClassLoader.java:132) ~[securejarhandler-1.0.3.jar:?]
	at java.lang.ClassLoader.loadClass(ClassLoader.java:526) ~[?:?]
	at net.minecraft.world.level.levelgen.feature.configurations.TreeConfiguration.m_191346_(TreeConfiguration.java:16) ~[server-1.18.2-20220404.173914-srg.jar%2341!/:?]
	at com.mojang.serialization.codecs.RecordCodecBuilder.create(RecordCodecBuilder.java:72) ~[datafixerupper-4.1.27.jar%2325!/:?]
	at net.minecraft.world.level.levelgen.feature.configurations.TreeConfiguration.<clinit>(TreeConfiguration.java:15) ~[server-1.18.2-20220404.173914-srg.jar%2341!/:?]
	at net.minecraft.world.level.levelgen.feature.Feature.<clinit>(Feature.java:57) ~[server-1.18.2-20220404.173914-srg.jar%2341!/:?]
	at net.minecraft.data.worldgen.features.AquaticFeatures.<clinit>(AquaticFeatures.java:20) ~[server-1.18.2-20220404.173914-srg.jar%2341!/:?]
	at net.minecraft.data.worldgen.features.FeatureUtils.m_206469_(FeatureUtils.java:23) ~[server-1.18.2-20220404.173914-srg.jar%2341!/:?]
	at net.minecraft.data.BuiltinRegistries.m_206392_(BuiltinRegistries.java:101) ~[server-1.18.2-20220404.173914-srg.jar%2341!/:?]
	at java.util.LinkedHashMap.forEach(LinkedHashMap.java:986) ~[?:?]
	at net.minecraft.data.BuiltinRegistries.<clinit>(BuiltinRegistries.java:100) ~[server-1.18.2-20220404.173914-srg.jar%2341!/:?]
	at net.minecraft.core.Registry.<clinit>(Registry.java:633) ~[server-1.18.2-20220404.173914-srg.jar%2341!/:?]
	at net.minecraft.server.Bootstrap.m_135870_(Bootstrap.java:44) ~[server-1.18.2-20220404.173914-srg.jar%2341!/:?]
	at net.minecraft.server.Main.main(Main.java:109) ~[server-1.18.2-20220404.173914-srg.jar%2341!/:?]
	at jdk.internal.reflect.DirectMethodHandleAccessor.invoke(DirectMethodHandleAccessor.java:103) ~[?:?]
	at java.lang.reflect.Method.invoke(Method.java:580) ~[?:?]
	at net.minecraftforge.fml.loading.targets.CommonServerLaunchHandler.lambda$launchService$0(CommonServerLaunchHandler.java:32) ~[fmlloader-1.18.2-40.2.0.jar%2317!/:?]
	at cpw.mods.modlauncher.LaunchServiceHandlerDecorator.launch(LaunchServiceHandlerDecorator.java:37) [modlauncher-9.1.3.jar%235!/:?]
	at cpw.mods.modlauncher.LaunchServiceHandler.launch(LaunchServiceHandler.java:53) [modlauncher-9.1.3.jar%235!/:?]
	at cpw.mods.modlauncher.LaunchServiceHandler.launch(LaunchServiceHandler.java:71) [modlauncher-9.1.3.jar%235!/:?]
	at cpw.mods.modlauncher.Launcher.run(Launcher.java:106) [modlauncher-9.1.3.jar%235!/:?]
	at cpw.mods.modlauncher.Launcher.main(Launcher.java:77) [modlauncher-9.1.3.jar%235!/:?]
	at cpw.mods.modlauncher.BootstrapLaunchConsumer.accept(BootstrapLaunchConsumer.java:26) [modlauncher-9.1.3.jar%235!/:?]
	at cpw.mods.modlauncher.BootstrapLaunchConsumer.accept(BootstrapLaunchConsumer.java:23) [modlauncher-9.1.3.jar%235!/:?]
	at cpw.mods.bootstraplauncher.BootstrapLauncher.main(BootstrapLauncher.java:149) [bootstraplauncher-1.0.0.jar:?]
Caused by: org.spongepowered.asm.mixin.throwables.ClassMetadataNotFoundException: java.util.function.BiConsumer
	at org.spongepowered.asm.mixin.transformer.MixinTargetContext.transformSingleDescriptor(MixinTargetContext.java:983) ~[mixin-0.8.5.jar%2314!/:0.8.5+Jenkins-b310.git-155314e6e91465dad727e621a569906a410cd6f4]
	at org.spongepowered.asm.mixin.transformer.MixinTargetContext.transformSingleDescriptor(MixinTargetContext.java:943) ~[mixin-0.8.5.jar%2314!/:0.8.5+Jenkins-b310.git-155314e6e91465dad727e621a569906a410cd6f4]
	at org.spongepowered.asm.mixin.transformer.MixinTargetContext.transformLVT(MixinTargetContext.java:544) ~[mixin-0.8.5.jar%2314!/:0.8.5+Jenkins-b310.git-155314e6e91465dad727e621a569906a410cd6f4]
	at org.spongepowered.asm.mixin.transformer.MixinTargetContext.transformMethod(MixinTargetContext.java:450) ~[mixin-0.8.5.jar%2314!/:0.8.5+Jenkins-b310.git-155314e6e91465dad727e621a569906a410cd6f4]
	... 43 more
